2025-11-05 15:37:48,412 - __main__ - INFO - 启动智能灌溉动态执行系统服务器...
2025-11-05 15:37:49,611 - main_dynamic_execution_api - INFO - 智能灌溉动态执行系统启动中...
2025-11-05 15:37:49,611 - main_dynamic_execution_api - INFO - 开始初始化系统组件...
2025-11-05 15:37:49,612 - execution_status_manager - INFO - 数据库初始化完成
2025-11-05 15:37:49,612 - main_dynamic_execution_api - INFO - 执行状态管理器初始化完成
2025-11-05 15:37:49,613 - main_dynamic_execution_api - INFO - 水位管理器初始化完成
2025-11-05 15:37:49,613 - dynamic_plan_regenerator - INFO - 配置文件加载成功: config.json
2025-11-05 15:37:49,613 - dynamic_plan_regenerator - WARNING - 计划模板不存在: plan_templates
2025-11-05 15:37:49,613 - main_dynamic_execution_api - INFO - 计划重新生成器初始化完成
2025-11-05 15:37:49,614 - execution_status_manager - INFO - 数据库初始化完成
2025-11-05 15:37:49,615 - batch_execution_scheduler - INFO - 配置文件加载成功: config.json
2025-11-05 15:37:49,615 - main_dynamic_execution_api - INFO - 批次执行调度器初始化完成
2025-11-05 15:37:49,615 - main_dynamic_execution_api - INFO - 所有系统组件初始化成功
2025-11-05 15:37:49,615 - main_dynamic_execution_api - INFO - 智能灌溉动态执行系统启动完成
2025-11-05 15:37:58,758 - main_dynamic_execution_api - INFO - 开始生成灌溉计划 - farm_id: 13944136728576
2025-11-05 15:44:55,056 - main_dynamic_execution_api - INFO - 智能灌溉动态执行系统启动中...
2025-11-05 15:44:55,056 - main_dynamic_execution_api - INFO - 开始初始化系统组件...
2025-11-05 15:44:55,057 - execution_status_manager - INFO - 数据库初始化完成
2025-11-05 15:44:55,057 - main_dynamic_execution_api - INFO - 执行状态管理器初始化完成
2025-11-05 15:44:55,058 - main_dynamic_execution_api - INFO - 水位管理器初始化完成
2025-11-05 15:44:55,058 - dynamic_plan_regenerator - INFO - 配置文件加载成功: config.json
2025-11-05 15:44:55,058 - dynamic_plan_regenerator - WARNING - 计划模板不存在: plan_templates
2025-11-05 15:44:55,058 - main_dynamic_execution_api - INFO - 计划重新生成器初始化完成
2025-11-05 15:44:55,059 - execution_status_manager - INFO - 数据库初始化完成
2025-11-05 15:44:55,060 - batch_execution_scheduler - INFO - 配置文件加载成功: config.json
2025-11-05 15:44:55,060 - main_dynamic_execution_api - INFO - 批次执行调度器初始化完成
2025-11-05 15:44:55,060 - main_dynamic_execution_api - INFO - 所有系统组件初始化成功
2025-11-05 15:44:55,060 - main_dynamic_execution_api - INFO - 智能灌溉动态执行系统启动完成
2025-11-05 15:46:25,630 - main_dynamic_execution_api - INFO - 开始初始化系统组件...
2025-11-05 15:46:25,631 - execution_status_manager - INFO - 数据库初始化完成
2025-11-05 15:46:25,632 - main_dynamic_execution_api - INFO - 执行状态管理器初始化完成
2025-11-05 15:46:25,632 - main_dynamic_execution_api - INFO - 水位管理器初始化完成
2025-11-05 15:46:25,632 - dynamic_plan_regenerator - INFO - 配置文件加载成功: config.json
2025-11-05 15:46:25,632 - dynamic_plan_regenerator - WARNING - 计划模板不存在: plan_templates
2025-11-05 15:46:25,632 - main_dynamic_execution_api - INFO - 计划重新生成器初始化完成
2025-11-05 15:46:25,633 - batch_execution_scheduler - INFO - 配置文件加载成功: config.json
2025-11-05 15:46:25,633 - main_dynamic_execution_api - INFO - 批次执行调度器初始化完成
2025-11-05 15:46:25,633 - main_dynamic_execution_api - INFO - 所有系统组件初始化成功
2025-11-05 15:48:37,859 - dynamic_execution_api - INFO - 启动动态执行 - 计划文件: e:/irrigation_schedule/farm_irrigation/output/irrigation_plan_modified_1761982575.json
2025-11-05 15:48:37,859 - batch_execution_scheduler - INFO - 配置文件加载成功: config.json
2025-11-05 15:48:37,860 - batch_execution_scheduler - INFO - 配置文件加载成功: e:\irrigation_schedule\farm_irrigation\config.json
2025-11-05 15:48:37,861 - batch_execution_scheduler - INFO - 使用scenarios格式，选择第一个scenario: P2单独使用
2025-11-05 15:48:37,861 - batch_execution_scheduler - INFO - 批次 1: 开始时间 0.00h, 持续时间 18.28h
2025-11-05 15:48:37,862 - batch_execution_scheduler - INFO - 批次 2: 开始时间 18.28h, 持续时间 19.77h
2025-11-05 15:48:37,862 - batch_execution_scheduler - INFO - 批次 3: 开始时间 38.05h, 持续时间 18.34h
2025-11-05 15:48:37,862 - batch_execution_scheduler - INFO - 批次 4: 开始时间 56.38h, 持续时间 5.22h
2025-11-05 15:48:37,862 - batch_execution_scheduler - INFO - 灌溉计划加载成功: e:/irrigation_schedule/farm_irrigation/output/irrigation_plan_modified_1761982575.json
2025-11-05 15:48:37,862 - batch_execution_scheduler - INFO - 共有 4 个批次
2025-11-05 15:48:37,866 - execution_status_manager - ERROR - 记录事件日志失败: NOT NULL constraint failed: execution_logs.category
2025-11-05 15:48:37,869 - execution_status_manager.ExecutionStatusManager - INFO - [scheduler] 开始执行灌溉计划，执行ID: exec_20251105_154837
2025-11-05 15:48:37,871 - execution_status_manager.ExecutionStatusManager - INFO - [scheduler] 执行开始时间: 2025-11-05 15:48:37.862153
2025-11-05 15:48:37,872 - batch_execution_scheduler - INFO - 开始准备批次 1
2025-11-05 15:48:38,272 - batch_execution_scheduler - INFO - 从API获取到 0 个水位数据
2025-11-05 15:48:38,637 - batch_execution_scheduler - INFO - 批次 1 计划重新生成完成
2025-11-05 15:48:38,637 - batch_execution_scheduler - INFO - 开始执行批次 1
2025-11-05 15:48:38,637 - batch_execution_scheduler - INFO - 批次 1 开始执行
2025-11-05 16:15:27,503 - dynamic_execution_api - INFO - 手动重新生成批次 1
2025-11-05 16:15:27,504 - dynamic_plan_regenerator - INFO - 配置文件加载成功: config.json
2025-11-05 16:15:27,504 - dynamic_plan_regenerator - WARNING - 计划模板不存在: irrigation_plan_template.json
2025-11-05 16:15:27,504 - dynamic_execution_api - INFO - 当前计划包含 3 个scenarios，使用第一个scenario: 'P2单独使用'
2025-11-05 16:15:27,504 - dynamic_plan_regenerator - INFO - 开始重新生成批次 1 的计划
2025-11-05 16:15:27,507 - dynamic_plan_regenerator - INFO - 批次 1 计划重新生成完成，共 2 项变更
2025-11-05 16:15:27,507 - batch_execution_scheduler - ERROR - 批次 1 状态为 executing，无法更新
2025-11-05 16:15:27,507 - dynamic_execution_api - INFO - 原始计划包含 3 个scenarios
2025-11-05 16:15:27,508 - dynamic_execution_api - INFO - 已更新scenario: P2单独使用
2025-11-05 16:15:27,508 - dynamic_execution_api - INFO - 保留原始scenario: P1单独使用
2025-11-05 16:15:27,508 - dynamic_execution_api - INFO - 保留原始scenario: 全部水泵(P1+P2)组合使用
2025-11-05 16:15:27,508 - dynamic_execution_api - INFO - 最终保存的计划包含 3 个scenarios
2025-11-05 16:15:27,514 - dynamic_execution_api - INFO - 修改后的计划已保存到: e:\irrigation_schedule\farm_irrigation\output\irrigation_plan_manual_regen_1762330527.json
2025-11-05 16:15:48,545 - main_dynamic_execution_api - INFO - 开始批次重新生成 - plan_id: 
2025-11-05 16:15:48,548 - main_dynamic_execution_api - WARNING - 田块修改失败 S3-G5-F1: BatchRegenerationService._add_field_to_plan() takes 3 positional arguments but 4 were given
2025-11-05 16:15:48,549 - main_dynamic_execution_api - WARNING - 水泵分配修改失败 batch 1: 'BatchRegenerationService' object has no attribute '_update_pump_assignment'
2025-11-05 16:15:48,556 - main_dynamic_execution_api - INFO - 修改后的计划已保存到: e:\irrigation_schedule\farm_irrigation\output\irrigation_plan_modified_1762330548.json
2025-11-05 16:15:48,556 - main_dynamic_execution_api - INFO - 批次重新生成结果已保存到缓存 - cache_key: 72965b07a4dd3a2f5a62d5f5960789dc
2025-11-05 16:15:48,556 - main_dynamic_execution_api - INFO - 批次重新生成完成
2025-11-05 21:11:52,861 - __main__ - INFO - 启动智能灌溉动态执行系统服务器...
2025-11-05 21:11:53,992 - main_dynamic_execution_api - INFO - 智能灌溉动态执行系统启动中...
2025-11-05 21:11:53,992 - main_dynamic_execution_api - INFO - 开始初始化系统组件...
2025-11-05 21:11:53,993 - execution_status_manager - INFO - 数据库初始化完成
2025-11-05 21:11:53,993 - main_dynamic_execution_api - INFO - 执行状态管理器初始化完成
2025-11-05 21:11:53,994 - main_dynamic_execution_api - INFO - 水位管理器初始化完成
2025-11-05 21:11:53,994 - dynamic_plan_regenerator - INFO - 配置文件加载成功: config.json
2025-11-05 21:11:53,994 - dynamic_plan_regenerator - WARNING - 计划模板不存在: plan_templates
2025-11-05 21:11:53,994 - main_dynamic_execution_api - INFO - 计划重新生成器初始化完成
2025-11-05 21:11:53,995 - execution_status_manager - INFO - 数据库初始化完成
2025-11-05 21:11:53,996 - batch_execution_scheduler - INFO - 配置文件加载成功: config.json
2025-11-05 21:11:53,996 - main_dynamic_execution_api - INFO - 批次执行调度器初始化完成
2025-11-05 21:11:53,996 - main_dynamic_execution_api - INFO - 所有系统组件初始化成功
2025-11-05 21:11:53,996 - main_dynamic_execution_api - INFO - 智能灌溉动态执行系统启动完成
2025-11-05 21:14:17,403 - main_dynamic_execution_api - INFO - 开始初始化系统组件...
2025-11-05 21:14:17,403 - execution_status_manager - INFO - 数据库初始化完成
2025-11-05 21:14:17,404 - main_dynamic_execution_api - INFO - 执行状态管理器初始化完成
2025-11-05 21:14:17,404 - main_dynamic_execution_api - INFO - 水位管理器初始化完成
2025-11-05 21:14:17,404 - dynamic_plan_regenerator - INFO - 配置文件加载成功: config.json
2025-11-05 21:14:17,405 - dynamic_plan_regenerator - WARNING - 计划模板不存在: plan_templates
2025-11-05 21:14:17,405 - main_dynamic_execution_api - INFO - 计划重新生成器初始化完成
2025-11-05 21:14:17,405 - batch_execution_scheduler - INFO - 配置文件加载成功: config.json
2025-11-05 21:14:17,405 - main_dynamic_execution_api - INFO - 批次执行调度器初始化完成
2025-11-05 21:14:17,405 - main_dynamic_execution_api - INFO - 所有系统组件初始化成功
2025-11-05 21:14:27,415 - dynamic_execution_api - INFO - 启动动态执行 - 计划文件: 
2025-11-05 21:14:27,416 - batch_execution_scheduler - INFO - 配置文件加载成功: config.json
2025-11-05 21:14:27,416 - batch_execution_scheduler - INFO - 配置文件加载成功: config.json
2025-11-05 21:14:27,416 - batch_execution_scheduler - ERROR - 加载灌溉计划失败: [Errno 13] Permission denied: '.'
2025-11-05 21:14:27,416 - dynamic_execution_api - ERROR - 启动动态执行失败: 500: 启动动态执行失败: 无法加载灌溉计划
2025-11-05 21:14:27,417 - dynamic_execution_api - ERROR - 错误堆栈: Traceback (most recent call last):
  File "e:\irrigation_schedule\farm_irrigation\dynamic_execution_api.py", line 187, in start_dynamic_execution
    raise HTTPException(
fastapi.exceptions.HTTPException: 500: 启动动态执行失败: 无法加载灌溉计划

2025-11-05 21:14:35,887 - dynamic_execution_api - INFO - 启动动态执行 - 计划文件: 
2025-11-05 21:14:35,888 - batch_execution_scheduler - INFO - 配置文件加载成功: config.json
2025-11-05 21:14:35,889 - batch_execution_scheduler - ERROR - 加载灌溉计划失败: [Errno 13] Permission denied: '.'
2025-11-05 21:14:35,889 - dynamic_execution_api - ERROR - 启动动态执行失败: 500: 启动动态执行失败: 无法加载灌溉计划
2025-11-05 21:14:35,889 - dynamic_execution_api - ERROR - 错误堆栈: Traceback (most recent call last):
  File "e:\irrigation_schedule\farm_irrigation\dynamic_execution_api.py", line 187, in start_dynamic_execution
    raise HTTPException(
fastapi.exceptions.HTTPException: 500: 启动动态执行失败: 无法加载灌溉计划

2025-11-05 21:22:03,767 - dynamic_execution_api - INFO - 启动动态执行 - 计划文件: 
2025-11-05 21:22:03,768 - batch_execution_scheduler - INFO - 配置文件加载成功: config.json
2025-11-05 21:22:03,768 - batch_execution_scheduler - ERROR - 加载灌溉计划失败: [Errno 13] Permission denied: '.'
2025-11-05 21:22:03,768 - dynamic_execution_api - ERROR - 启动动态执行失败: 500: 启动动态执行失败: 无法加载灌溉计划
2025-11-05 21:22:03,768 - dynamic_execution_api - ERROR - 错误堆栈: Traceback (most recent call last):
  File "e:\irrigation_schedule\farm_irrigation\dynamic_execution_api.py", line 187, in start_dynamic_execution
    raise HTTPException(
fastapi.exceptions.HTTPException: 500: 启动动态执行失败: 无法加载灌溉计划

2025-11-05 21:22:09,766 - main_dynamic_execution_api - INFO - 开始初始化系统组件...
2025-11-05 21:22:09,767 - execution_status_manager - INFO - 数据库初始化完成
2025-11-05 21:22:09,767 - main_dynamic_execution_api - INFO - 执行状态管理器初始化完成
2025-11-05 21:22:09,768 - main_dynamic_execution_api - INFO - 水位管理器初始化完成
2025-11-05 21:22:09,768 - dynamic_plan_regenerator - INFO - 配置文件加载成功: config.json
2025-11-05 21:22:09,768 - dynamic_plan_regenerator - WARNING - 计划模板不存在: plan_templates
2025-11-05 21:22:09,768 - main_dynamic_execution_api - INFO - 计划重新生成器初始化完成
2025-11-05 21:22:09,769 - batch_execution_scheduler - INFO - 配置文件加载成功: config.json
2025-11-05 21:22:09,769 - main_dynamic_execution_api - INFO - 批次执行调度器初始化完成
2025-11-05 21:22:09,769 - main_dynamic_execution_api - INFO - 所有系统组件初始化成功
2025-11-05 21:23:55,737 - main_dynamic_execution_api - INFO - 开始生成灌溉计划 - farm_id: 13944136728576
2025-11-05 21:32:00,259 - main_dynamic_execution_api - INFO - 智能灌溉动态执行系统启动中...
2025-11-05 21:32:00,259 - main_dynamic_execution_api - INFO - 开始初始化系统组件...
2025-11-05 21:32:00,260 - execution_status_manager - INFO - 数据库初始化完成
2025-11-05 21:32:00,260 - main_dynamic_execution_api - INFO - 执行状态管理器初始化完成
2025-11-05 21:32:00,260 - main_dynamic_execution_api - INFO - 水位管理器初始化完成
2025-11-05 21:32:00,261 - dynamic_plan_regenerator - INFO - 配置文件加载成功: config.json
2025-11-05 21:32:00,261 - dynamic_plan_regenerator - WARNING - 计划模板不存在: plan_templates
2025-11-05 21:32:00,261 - main_dynamic_execution_api - INFO - 计划重新生成器初始化完成
2025-11-05 21:32:00,262 - execution_status_manager - INFO - 数据库初始化完成
2025-11-05 21:32:00,262 - batch_execution_scheduler - INFO - 配置文件加载成功: config.json
2025-11-05 21:32:00,262 - main_dynamic_execution_api - INFO - 批次执行调度器初始化完成
2025-11-05 21:32:00,262 - main_dynamic_execution_api - INFO - 所有系统组件初始化成功
2025-11-05 21:32:00,262 - main_dynamic_execution_api - INFO - 智能灌溉动态执行系统启动完成
2025-11-05 21:32:14,919 - main_dynamic_execution_api - INFO - 智能灌溉动态执行系统关闭中...
2025-11-05 21:32:14,919 - main_dynamic_execution_api - INFO - 智能灌溉动态执行系统已关闭
2025-11-05 21:32:16,271 - main_dynamic_execution_api - INFO - 智能灌溉动态执行系统启动中...
2025-11-05 21:32:16,272 - main_dynamic_execution_api - INFO - 开始初始化系统组件...
2025-11-05 21:32:16,272 - execution_status_manager - INFO - 数据库初始化完成
2025-11-05 21:32:16,273 - main_dynamic_execution_api - INFO - 执行状态管理器初始化完成
2025-11-05 21:32:16,273 - main_dynamic_execution_api - INFO - 水位管理器初始化完成
2025-11-05 21:32:16,273 - dynamic_plan_regenerator - INFO - 配置文件加载成功: config.json
2025-11-05 21:32:16,274 - dynamic_plan_regenerator - WARNING - 计划模板不存在: plan_templates
2025-11-05 21:32:16,274 - main_dynamic_execution_api - INFO - 计划重新生成器初始化完成
2025-11-05 21:32:16,274 - execution_status_manager - INFO - 数据库初始化完成
2025-11-05 21:32:16,275 - batch_execution_scheduler - INFO - 配置文件加载成功: config.json
2025-11-05 21:32:16,275 - main_dynamic_execution_api - INFO - 批次执行调度器初始化完成
2025-11-05 21:32:16,275 - main_dynamic_execution_api - INFO - 所有系统组件初始化成功
2025-11-05 21:32:16,275 - main_dynamic_execution_api - INFO - 智能灌溉动态执行系统启动完成
2025-11-05 21:32:35,834 - main_dynamic_execution_api - INFO - 智能灌溉动态执行系统关闭中...
2025-11-05 21:32:35,834 - main_dynamic_execution_api - INFO - 智能灌溉动态执行系统已关闭
2025-11-05 21:32:37,190 - main_dynamic_execution_api - INFO - 智能灌溉动态执行系统启动中...
2025-11-05 21:32:37,190 - main_dynamic_execution_api - INFO - 开始初始化系统组件...
2025-11-05 21:32:37,191 - execution_status_manager - INFO - 数据库初始化完成
2025-11-05 21:32:37,191 - main_dynamic_execution_api - INFO - 执行状态管理器初始化完成
2025-11-05 21:32:37,192 - main_dynamic_execution_api - INFO - 水位管理器初始化完成
2025-11-05 21:32:37,192 - dynamic_plan_regenerator - INFO - 配置文件加载成功: config.json
2025-11-05 21:32:37,192 - dynamic_plan_regenerator - WARNING - 计划模板不存在: plan_templates
2025-11-05 21:32:37,192 - main_dynamic_execution_api - INFO - 计划重新生成器初始化完成
2025-11-05 21:32:37,193 - execution_status_manager - INFO - 数据库初始化完成
2025-11-05 21:32:37,194 - batch_execution_scheduler - INFO - 配置文件加载成功: config.json
2025-11-05 21:32:37,194 - main_dynamic_execution_api - INFO - 批次执行调度器初始化完成
2025-11-05 21:32:37,194 - main_dynamic_execution_api - INFO - 所有系统组件初始化成功
2025-11-05 21:32:37,194 - main_dynamic_execution_api - INFO - 智能灌溉动态执行系统启动完成
2025-11-05 21:32:44,870 - dynamic_execution_api - INFO - 启动动态执行 - 计划文件: irrigation_plan_20251105_213100
2025-11-05 21:32:44,870 - dynamic_execution_api - ERROR - 启动动态执行失败: 404: 灌溉计划文件不存在: irrigation_plan_20251105_213100
2025-11-05 21:32:44,871 - dynamic_execution_api - ERROR - 错误堆栈: Traceback (most recent call last):
  File "e:\irrigation_schedule\farm_irrigation\dynamic_execution_api.py", line 163, in start_dynamic_execution
    raise HTTPException(
fastapi.exceptions.HTTPException: 404: 灌溉计划文件不存在: irrigation_plan_20251105_213100

2025-11-05 21:32:48,254 - main_dynamic_execution_api - INFO - 开始生成灌溉计划 - farm_id: 13944136728576
2025-11-05 21:33:21,697 - __main__ - INFO - 启动智能灌溉动态执行系统服务器...
2025-11-05 21:33:22,823 - main_dynamic_execution_api - INFO - 智能灌溉动态执行系统启动中...
2025-11-05 21:33:22,823 - main_dynamic_execution_api - INFO - 开始初始化系统组件...
2025-11-05 21:33:22,823 - execution_status_manager - INFO - 数据库初始化完成
2025-11-05 21:33:22,823 - main_dynamic_execution_api - INFO - 执行状态管理器初始化完成
2025-11-05 21:33:22,823 - main_dynamic_execution_api - INFO - 水位管理器初始化完成
2025-11-05 21:33:22,823 - dynamic_plan_regenerator - INFO - 配置文件加载成功: config.json
2025-11-05 21:33:22,823 - dynamic_plan_regenerator - WARNING - 计划模板不存在: plan_templates
2025-11-05 21:33:22,823 - main_dynamic_execution_api - INFO - 计划重新生成器初始化完成
2025-11-05 21:33:22,823 - execution_status_manager - INFO - 数据库初始化完成
2025-11-05 21:33:22,823 - batch_execution_scheduler - INFO - 配置文件加载成功: config.json
2025-11-05 21:33:22,823 - main_dynamic_execution_api - INFO - 批次执行调度器初始化完成
2025-11-05 21:33:22,823 - main_dynamic_execution_api - INFO - 所有系统组件初始化成功
2025-11-05 21:33:22,823 - main_dynamic_execution_api - INFO - 智能灌溉动态执行系统启动完成
2025-11-05 21:33:44,216 - main_dynamic_execution_api - INFO - 开始生成灌溉计划 - farm_id: 13944136728576
2025-11-05 21:34:29,898 - main_dynamic_execution_api - INFO - 智能灌溉动态执行系统启动中...
2025-11-05 21:34:29,899 - main_dynamic_execution_api - INFO - 开始初始化系统组件...
2025-11-05 21:34:29,899 - execution_status_manager - INFO - 数据库初始化完成
2025-11-05 21:34:29,900 - main_dynamic_execution_api - INFO - 执行状态管理器初始化完成
2025-11-05 21:34:29,900 - main_dynamic_execution_api - INFO - 水位管理器初始化完成
2025-11-05 21:34:29,900 - dynamic_plan_regenerator - INFO - 配置文件加载成功: config.json
2025-11-05 21:34:29,901 - dynamic_plan_regenerator - WARNING - 计划模板不存在: plan_templates
2025-11-05 21:34:29,901 - main_dynamic_execution_api - INFO - 计划重新生成器初始化完成
2025-11-05 21:34:29,901 - execution_status_manager - INFO - 数据库初始化完成
2025-11-05 21:34:29,902 - batch_execution_scheduler - INFO - 配置文件加载成功: config.json
2025-11-05 21:34:29,902 - main_dynamic_execution_api - INFO - 批次执行调度器初始化完成
2025-11-05 21:34:29,902 - main_dynamic_execution_api - INFO - 所有系统组件初始化成功
2025-11-05 21:34:29,902 - main_dynamic_execution_api - INFO - 智能灌溉动态执行系统启动完成
2025-11-05 21:34:38,952 - main_dynamic_execution_api - INFO - 智能灌溉动态执行系统关闭中...
2025-11-05 21:34:38,952 - main_dynamic_execution_api - INFO - 智能灌溉动态执行系统已关闭
2025-11-05 21:34:40,273 - main_dynamic_execution_api - INFO - 智能灌溉动态执行系统启动中...
2025-11-05 21:34:40,273 - main_dynamic_execution_api - INFO - 开始初始化系统组件...
2025-11-05 21:34:40,274 - execution_status_manager - INFO - 数据库初始化完成
2025-11-05 21:34:40,275 - main_dynamic_execution_api - INFO - 执行状态管理器初始化完成
2025-11-05 21:34:40,275 - main_dynamic_execution_api - INFO - 水位管理器初始化完成
2025-11-05 21:34:40,275 - dynamic_plan_regenerator - INFO - 配置文件加载成功: config.json
2025-11-05 21:34:40,276 - dynamic_plan_regenerator - WARNING - 计划模板不存在: plan_templates
2025-11-05 21:34:40,276 - main_dynamic_execution_api - INFO - 计划重新生成器初始化完成
2025-11-05 21:34:40,276 - execution_status_manager - INFO - 数据库初始化完成
2025-11-05 21:34:40,277 - batch_execution_scheduler - INFO - 配置文件加载成功: config.json
2025-11-05 21:34:40,277 - main_dynamic_execution_api - INFO - 批次执行调度器初始化完成
2025-11-05 21:34:40,277 - main_dynamic_execution_api - INFO - 所有系统组件初始化成功
2025-11-05 21:34:40,277 - main_dynamic_execution_api - INFO - 智能灌溉动态执行系统启动完成
2025-11-05 21:35:01,002 - main_dynamic_execution_api - INFO - 智能灌溉动态执行系统关闭中...
2025-11-05 21:35:01,003 - main_dynamic_execution_api - INFO - 智能灌溉动态执行系统已关闭
2025-11-05 21:35:02,389 - main_dynamic_execution_api - INFO - 智能灌溉动态执行系统启动中...
2025-11-05 21:35:02,389 - main_dynamic_execution_api - INFO - 开始初始化系统组件...
2025-11-05 21:35:02,390 - execution_status_manager - INFO - 数据库初始化完成
2025-11-05 21:35:02,390 - main_dynamic_execution_api - INFO - 执行状态管理器初始化完成
2025-11-05 21:35:02,390 - main_dynamic_execution_api - INFO - 水位管理器初始化完成
2025-11-05 21:35:02,391 - dynamic_plan_regenerator - INFO - 配置文件加载成功: config.json
2025-11-05 21:35:02,391 - dynamic_plan_regenerator - WARNING - 计划模板不存在: plan_templates
2025-11-05 21:35:02,391 - main_dynamic_execution_api - INFO - 计划重新生成器初始化完成
2025-11-05 21:35:02,392 - execution_status_manager - INFO - 数据库初始化完成
2025-11-05 21:35:02,392 - batch_execution_scheduler - INFO - 配置文件加载成功: config.json
2025-11-05 21:35:02,392 - main_dynamic_execution_api - INFO - 批次执行调度器初始化完成
2025-11-05 21:35:02,393 - main_dynamic_execution_api - INFO - 所有系统组件初始化成功
2025-11-05 21:35:02,393 - main_dynamic_execution_api - INFO - 智能灌溉动态执行系统启动完成
2025-11-05 21:36:12,482 - main_dynamic_execution_api - INFO - 开始生成灌溉计划 - farm_id: 13944136728576
2025-11-05 21:38:13,430 - main_dynamic_execution_api - INFO - 智能灌溉动态执行系统启动中...
2025-11-05 21:38:13,431 - main_dynamic_execution_api - INFO - 开始初始化系统组件...
2025-11-05 21:38:13,432 - execution_status_manager - INFO - 数据库初始化完成
2025-11-05 21:38:13,432 - main_dynamic_execution_api - INFO - 执行状态管理器初始化完成
2025-11-05 21:38:13,432 - main_dynamic_execution_api - INFO - 水位管理器初始化完成
2025-11-05 21:38:13,433 - dynamic_plan_regenerator - INFO - 配置文件加载成功: config.json
2025-11-05 21:38:13,434 - dynamic_plan_regenerator - WARNING - 计划模板不存在: plan_templates
2025-11-05 21:38:13,434 - main_dynamic_execution_api - INFO - 计划重新生成器初始化完成
2025-11-05 21:38:13,434 - execution_status_manager - INFO - 数据库初始化完成
2025-11-05 21:38:13,435 - batch_execution_scheduler - INFO - 配置文件加载成功: config.json
2025-11-05 21:38:13,435 - main_dynamic_execution_api - INFO - 批次执行调度器初始化完成
2025-11-05 21:38:13,435 - main_dynamic_execution_api - INFO - 所有系统组件初始化成功
2025-11-05 21:38:13,435 - main_dynamic_execution_api - INFO - 智能灌溉动态执行系统启动完成
2025-11-05 21:39:02,523 - main_dynamic_execution_api - INFO - 智能灌溉动态执行系统关闭中...
2025-11-05 21:39:02,523 - main_dynamic_execution_api - INFO - 智能灌溉动态执行系统已关闭
2025-11-05 21:39:03,879 - main_dynamic_execution_api - INFO - 智能灌溉动态执行系统启动中...
2025-11-05 21:39:03,879 - main_dynamic_execution_api - INFO - 开始初始化系统组件...
2025-11-05 21:39:03,880 - execution_status_manager - INFO - 数据库初始化完成
2025-11-05 21:39:03,880 - main_dynamic_execution_api - INFO - 执行状态管理器初始化完成
2025-11-05 21:39:03,880 - main_dynamic_execution_api - INFO - 水位管理器初始化完成
2025-11-05 21:39:03,881 - dynamic_plan_regenerator - INFO - 配置文件加载成功: config.json
2025-11-05 21:39:03,881 - dynamic_plan_regenerator - WARNING - 计划模板不存在: plan_templates
2025-11-05 21:39:03,881 - main_dynamic_execution_api - INFO - 计划重新生成器初始化完成
2025-11-05 21:39:03,882 - execution_status_manager - INFO - 数据库初始化完成
2025-11-05 21:39:03,882 - batch_execution_scheduler - INFO - 配置文件加载成功: config.json
2025-11-05 21:39:03,882 - main_dynamic_execution_api - INFO - 批次执行调度器初始化完成
2025-11-05 21:39:03,882 - main_dynamic_execution_api - INFO - 所有系统组件初始化成功
2025-11-05 21:39:03,882 - main_dynamic_execution_api - INFO - 智能灌溉动态执行系统启动完成
2025-11-05 21:39:20,047 - main_dynamic_execution_api - INFO - 智能灌溉动态执行系统关闭中...
2025-11-05 21:39:20,047 - main_dynamic_execution_api - INFO - 智能灌溉动态执行系统已关闭
2025-11-05 21:39:21,397 - main_dynamic_execution_api - INFO - 智能灌溉动态执行系统启动中...
2025-11-05 21:39:21,398 - main_dynamic_execution_api - INFO - 开始初始化系统组件...
2025-11-05 21:39:21,398 - execution_status_manager - INFO - 数据库初始化完成
2025-11-05 21:39:21,399 - main_dynamic_execution_api - INFO - 执行状态管理器初始化完成
2025-11-05 21:39:21,399 - main_dynamic_execution_api - INFO - 水位管理器初始化完成
2025-11-05 21:39:21,400 - dynamic_plan_regenerator - INFO - 配置文件加载成功: config.json
2025-11-05 21:39:21,400 - dynamic_plan_regenerator - WARNING - 计划模板不存在: plan_templates
2025-11-05 21:39:21,401 - main_dynamic_execution_api - INFO - 计划重新生成器初始化完成
2025-11-05 21:39:21,401 - execution_status_manager - INFO - 数据库初始化完成
2025-11-05 21:39:21,402 - batch_execution_scheduler - INFO - 配置文件加载成功: config.json
2025-11-05 21:39:21,402 - main_dynamic_execution_api - INFO - 批次执行调度器初始化完成
2025-11-05 21:39:21,402 - main_dynamic_execution_api - INFO - 所有系统组件初始化成功
2025-11-05 21:39:21,402 - main_dynamic_execution_api - INFO - 智能灌溉动态执行系统启动完成
2025-11-05 21:40:18,773 - main_dynamic_execution_api - INFO - 开始处理灌溉计划请求 - farm_id: 13944136728576, target_depth_mm: 90.0
2025-11-06 22:03:40,443 - __main__ - INFO - 启动智能灌溉动态执行系统服务器...
2025-11-06 22:03:41,732 - main_dynamic_execution_api - INFO - 智能灌溉动态执行系统启动中...
2025-11-06 22:03:41,733 - main_dynamic_execution_api - INFO - 开始初始化系统组件...
2025-11-06 22:03:41,836 - execution_status_manager - INFO - 数据库初始化完成
2025-11-06 22:03:41,837 - main_dynamic_execution_api - INFO - 执行状态管理器初始化完成
2025-11-06 22:03:41,837 - main_dynamic_execution_api - INFO - 水位管理器初始化完成
2025-11-06 22:03:41,837 - dynamic_plan_regenerator - INFO - 配置文件加载成功: config.json
2025-11-06 22:03:41,837 - dynamic_plan_regenerator - WARNING - 计划模板不存在: plan_templates
2025-11-06 22:03:41,838 - main_dynamic_execution_api - INFO - 计划重新生成器初始化完成
2025-11-06 22:03:41,838 - execution_status_manager - INFO - 数据库初始化完成
2025-11-06 22:03:41,839 - batch_execution_scheduler - INFO - 配置文件加载成功: config.json
2025-11-06 22:03:41,839 - main_dynamic_execution_api - INFO - 批次执行调度器初始化完成
2025-11-06 22:03:41,839 - main_dynamic_execution_api - INFO - 所有系统组件初始化成功
2025-11-06 22:03:41,839 - main_dynamic_execution_api - INFO - 智能灌溉动态执行系统启动完成
2025-11-06 22:28:26,690 - main_dynamic_execution_api - INFO - 智能灌溉动态执行系统关闭中...
2025-11-06 22:28:26,690 - main_dynamic_execution_api - INFO - 智能灌溉动态执行系统已关闭
2025-11-06 22:28:28,112 - main_dynamic_execution_api - INFO - 智能灌溉动态执行系统启动中...
2025-11-06 22:28:28,112 - main_dynamic_execution_api - INFO - 开始初始化系统组件...
2025-11-06 22:28:28,113 - execution_status_manager - INFO - 数据库初始化完成
2025-11-06 22:28:28,114 - main_dynamic_execution_api - INFO - 执行状态管理器初始化完成
2025-11-06 22:28:28,114 - main_dynamic_execution_api - INFO - 水位管理器初始化完成
2025-11-06 22:28:28,114 - dynamic_plan_regenerator - INFO - 配置文件加载成功: config.json
2025-11-06 22:28:28,114 - dynamic_plan_regenerator - WARNING - 计划模板不存在: plan_templates
2025-11-06 22:28:28,115 - main_dynamic_execution_api - INFO - 计划重新生成器初始化完成
2025-11-06 22:28:28,115 - execution_status_manager - INFO - 数据库初始化完成
2025-11-06 22:28:28,116 - batch_execution_scheduler - INFO - 配置文件加载成功: config.json
2025-11-06 22:28:28,116 - main_dynamic_execution_api - INFO - 批次执行调度器初始化完成
2025-11-06 22:28:28,116 - main_dynamic_execution_api - INFO - 所有系统组件初始化成功
2025-11-06 22:28:28,116 - main_dynamic_execution_api - INFO - 智能灌溉动态执行系统启动完成
2025-11-06 22:28:40,296 - main_dynamic_execution_api - INFO - 智能灌溉动态执行系统关闭中...
2025-11-06 22:28:40,296 - main_dynamic_execution_api - INFO - 智能灌溉动态执行系统已关闭
2025-11-06 22:28:41,693 - main_dynamic_execution_api - INFO - 智能灌溉动态执行系统启动中...
2025-11-06 22:28:41,693 - main_dynamic_execution_api - INFO - 开始初始化系统组件...
2025-11-06 22:28:41,695 - execution_status_manager - INFO - 数据库初始化完成
2025-11-06 22:28:41,695 - main_dynamic_execution_api - INFO - 执行状态管理器初始化完成
2025-11-06 22:28:41,695 - main_dynamic_execution_api - INFO - 水位管理器初始化完成
2025-11-06 22:28:41,696 - dynamic_plan_regenerator - INFO - 配置文件加载成功: config.json
2025-11-06 22:28:41,696 - dynamic_plan_regenerator - WARNING - 计划模板不存在: plan_templates
2025-11-06 22:28:41,696 - main_dynamic_execution_api - INFO - 计划重新生成器初始化完成
2025-11-06 22:28:41,697 - execution_status_manager - INFO - 数据库初始化完成
2025-11-06 22:28:41,698 - batch_execution_scheduler - INFO - 配置文件加载成功: config.json
2025-11-06 22:28:41,698 - main_dynamic_execution_api - INFO - 批次执行调度器初始化完成
2025-11-06 22:28:41,698 - main_dynamic_execution_api - INFO - 所有系统组件初始化成功
2025-11-06 22:28:41,698 - main_dynamic_execution_api - INFO - 智能灌溉动态执行系统启动完成
2025-11-06 22:29:03,560 - main_dynamic_execution_api - INFO - 智能灌溉动态执行系统关闭中...
2025-11-06 22:29:03,561 - main_dynamic_execution_api - INFO - 智能灌溉动态执行系统已关闭
2025-11-06 22:29:04,958 - main_dynamic_execution_api - INFO - 智能灌溉动态执行系统启动中...
2025-11-06 22:29:04,959 - main_dynamic_execution_api - INFO - 开始初始化系统组件...
2025-11-06 22:29:04,959 - execution_status_manager - INFO - 数据库初始化完成
2025-11-06 22:29:04,960 - main_dynamic_execution_api - INFO - 执行状态管理器初始化完成
2025-11-06 22:29:04,960 - main_dynamic_execution_api - INFO - 水位管理器初始化完成
2025-11-06 22:29:04,960 - dynamic_plan_regenerator - INFO - 配置文件加载成功: config.json
2025-11-06 22:29:04,961 - dynamic_plan_regenerator - WARNING - 计划模板不存在: plan_templates
2025-11-06 22:29:04,961 - main_dynamic_execution_api - INFO - 计划重新生成器初始化完成
2025-11-06 22:29:04,961 - execution_status_manager - INFO - 数据库初始化完成
2025-11-06 22:29:04,962 - batch_execution_scheduler - INFO - 配置文件加载成功: config.json
2025-11-06 22:29:04,962 - main_dynamic_execution_api - INFO - 批次执行调度器初始化完成
2025-11-06 22:29:04,962 - main_dynamic_execution_api - INFO - 所有系统组件初始化成功
2025-11-06 22:29:04,962 - main_dynamic_execution_api - INFO - 智能灌溉动态执行系统启动完成
2025-11-06 22:30:38,515 - main_dynamic_execution_api - INFO - 智能灌溉动态执行系统关闭中...
2025-11-06 22:30:38,516 - main_dynamic_execution_api - INFO - 智能灌溉动态执行系统已关闭
2025-11-06 22:30:39,969 - main_dynamic_execution_api - INFO - 智能灌溉动态执行系统启动中...
2025-11-06 22:30:39,970 - main_dynamic_execution_api - INFO - 开始初始化系统组件...
2025-11-06 22:30:39,970 - execution_status_manager - INFO - 数据库初始化完成
2025-11-06 22:30:39,971 - main_dynamic_execution_api - INFO - 执行状态管理器初始化完成
2025-11-06 22:30:39,971 - main_dynamic_execution_api - INFO - 水位管理器初始化完成
2025-11-06 22:30:39,972 - dynamic_plan_regenerator - INFO - 配置文件加载成功: config.json
2025-11-06 22:30:39,972 - dynamic_plan_regenerator - WARNING - 计划模板不存在: plan_templates
2025-11-06 22:30:39,972 - main_dynamic_execution_api - INFO - 计划重新生成器初始化完成
2025-11-06 22:30:39,972 - execution_status_manager - INFO - 数据库初始化完成
2025-11-06 22:30:39,973 - batch_execution_scheduler - INFO - 配置文件加载成功: config.json
2025-11-06 22:30:39,973 - main_dynamic_execution_api - INFO - 批次执行调度器初始化完成
2025-11-06 22:30:39,973 - main_dynamic_execution_api - INFO - 所有系统组件初始化成功
2025-11-06 22:30:39,973 - main_dynamic_execution_api - INFO - 智能灌溉动态执行系统启动完成
2025-11-06 22:32:07,315 - main_dynamic_execution_api - INFO - 开始生成灌溉计划 - farm_id: 13944136728576
2025-11-06 22:46:48,636 - main_dynamic_execution_api - INFO - 智能灌溉动态执行系统启动中...
2025-11-06 22:46:48,637 - main_dynamic_execution_api - INFO - 开始初始化系统组件...
2025-11-06 22:46:48,638 - execution_status_manager - INFO - 数据库初始化完成
2025-11-06 22:46:48,638 - main_dynamic_execution_api - INFO - 执行状态管理器初始化完成
2025-11-06 22:46:48,638 - main_dynamic_execution_api - INFO - 水位管理器初始化完成
2025-11-06 22:46:48,639 - dynamic_plan_regenerator - INFO - 配置文件加载成功: config.json
2025-11-06 22:46:48,639 - dynamic_plan_regenerator - WARNING - 计划模板不存在: plan_templates
2025-11-06 22:46:48,640 - main_dynamic_execution_api - INFO - 计划重新生成器初始化完成
2025-11-06 22:46:48,640 - execution_status_manager - INFO - 数据库初始化完成
2025-11-06 22:46:48,641 - batch_execution_scheduler - INFO - 配置文件加载成功: config.json
2025-11-06 22:46:48,641 - main_dynamic_execution_api - INFO - 批次执行调度器初始化完成
2025-11-06 22:46:48,641 - main_dynamic_execution_api - INFO - 所有系统组件初始化成功
2025-11-06 22:46:48,641 - main_dynamic_execution_api - INFO - 智能灌溉动态执行系统启动完成
2025-11-06 22:47:09,733 - main_dynamic_execution_api - INFO - 智能灌溉动态执行系统关闭中...
2025-11-06 22:47:09,733 - main_dynamic_execution_api - INFO - 智能灌溉动态执行系统已关闭
2025-11-06 22:47:11,143 - main_dynamic_execution_api - INFO - 智能灌溉动态执行系统启动中...
2025-11-06 22:47:11,143 - main_dynamic_execution_api - INFO - 开始初始化系统组件...
2025-11-06 22:47:11,144 - execution_status_manager - INFO - 数据库初始化完成
2025-11-06 22:47:11,144 - main_dynamic_execution_api - INFO - 执行状态管理器初始化完成
2025-11-06 22:47:11,144 - main_dynamic_execution_api - INFO - 水位管理器初始化完成
2025-11-06 22:47:11,145 - dynamic_plan_regenerator - INFO - 配置文件加载成功: config.json
2025-11-06 22:47:11,145 - dynamic_plan_regenerator - WARNING - 计划模板不存在: plan_templates
2025-11-06 22:47:11,145 - main_dynamic_execution_api - INFO - 计划重新生成器初始化完成
2025-11-06 22:47:11,146 - execution_status_manager - INFO - 数据库初始化完成
2025-11-06 22:47:11,147 - batch_execution_scheduler - INFO - 配置文件加载成功: config.json
2025-11-06 22:47:11,147 - main_dynamic_execution_api - INFO - 批次执行调度器初始化完成
2025-11-06 22:47:11,147 - main_dynamic_execution_api - INFO - 所有系统组件初始化成功
2025-11-06 22:47:11,147 - main_dynamic_execution_api - INFO - 智能灌溉动态执行系统启动完成
2025-11-06 22:47:45,130 - main_dynamic_execution_api - INFO - 智能灌溉动态执行系统关闭中...
2025-11-06 22:47:45,130 - main_dynamic_execution_api - INFO - 智能灌溉动态执行系统已关闭
2025-11-06 22:47:46,500 - main_dynamic_execution_api - INFO - 智能灌溉动态执行系统启动中...
2025-11-06 22:47:46,500 - main_dynamic_execution_api - INFO - 开始初始化系统组件...
2025-11-06 22:47:46,501 - execution_status_manager - INFO - 数据库初始化完成
2025-11-06 22:47:46,501 - main_dynamic_execution_api - INFO - 执行状态管理器初始化完成
2025-11-06 22:47:46,502 - main_dynamic_execution_api - INFO - 水位管理器初始化完成
2025-11-06 22:47:46,502 - dynamic_plan_regenerator - INFO - 配置文件加载成功: config.json
2025-11-06 22:47:46,502 - dynamic_plan_regenerator - WARNING - 计划模板不存在: plan_templates
2025-11-06 22:47:46,503 - main_dynamic_execution_api - INFO - 计划重新生成器初始化完成
2025-11-06 22:47:46,503 - execution_status_manager - INFO - 数据库初始化完成
2025-11-06 22:47:46,504 - batch_execution_scheduler - INFO - 配置文件加载成功: config.json
2025-11-06 22:47:46,504 - main_dynamic_execution_api - INFO - 批次执行调度器初始化完成
2025-11-06 22:47:46,504 - main_dynamic_execution_api - INFO - 所有系统组件初始化成功
2025-11-06 22:47:46,504 - main_dynamic_execution_api - INFO - 智能灌溉动态执行系统启动完成
2025-11-06 22:48:03,734 - main_dynamic_execution_api - INFO - 智能灌溉动态执行系统关闭中...
2025-11-06 22:48:03,734 - main_dynamic_execution_api - INFO - 智能灌溉动态执行系统已关闭
2025-11-06 22:48:05,093 - main_dynamic_execution_api - INFO - 智能灌溉动态执行系统启动中...
2025-11-06 22:48:05,094 - main_dynamic_execution_api - INFO - 开始初始化系统组件...
2025-11-06 22:48:05,094 - execution_status_manager - INFO - 数据库初始化完成
2025-11-06 22:48:05,095 - main_dynamic_execution_api - INFO - 执行状态管理器初始化完成
2025-11-06 22:48:05,095 - main_dynamic_execution_api - INFO - 水位管理器初始化完成
2025-11-06 22:48:05,095 - dynamic_plan_regenerator - INFO - 配置文件加载成功: config.json
2025-11-06 22:48:05,096 - dynamic_plan_regenerator - WARNING - 计划模板不存在: plan_templates
2025-11-06 22:48:05,096 - main_dynamic_execution_api - INFO - 计划重新生成器初始化完成
2025-11-06 22:48:05,096 - execution_status_manager - INFO - 数据库初始化完成
2025-11-06 22:48:05,097 - batch_execution_scheduler - INFO - 配置文件加载成功: config.json
2025-11-06 22:48:05,097 - main_dynamic_execution_api - INFO - 批次执行调度器初始化完成
2025-11-06 22:48:05,097 - main_dynamic_execution_api - INFO - 所有系统组件初始化成功
2025-11-06 22:48:05,097 - main_dynamic_execution_api - INFO - 智能灌溉动态执行系统启动完成
2025-11-06 22:48:28,882 - main_dynamic_execution_api - INFO - 智能灌溉动态执行系统关闭中...
2025-11-06 22:48:28,882 - main_dynamic_execution_api - INFO - 智能灌溉动态执行系统已关闭
2025-11-06 22:48:30,269 - main_dynamic_execution_api - INFO - 智能灌溉动态执行系统启动中...
2025-11-06 22:48:30,269 - main_dynamic_execution_api - INFO - 开始初始化系统组件...
2025-11-06 22:48:30,270 - execution_status_manager - INFO - 数据库初始化完成
2025-11-06 22:48:30,270 - main_dynamic_execution_api - INFO - 执行状态管理器初始化完成
2025-11-06 22:48:30,270 - main_dynamic_execution_api - INFO - 水位管理器初始化完成
2025-11-06 22:48:30,271 - dynamic_plan_regenerator - INFO - 配置文件加载成功: config.json
2025-11-06 22:48:30,271 - dynamic_plan_regenerator - WARNING - 计划模板不存在: plan_templates
2025-11-06 22:48:30,271 - main_dynamic_execution_api - INFO - 计划重新生成器初始化完成
2025-11-06 22:48:30,272 - execution_status_manager - INFO - 数据库初始化完成
2025-11-06 22:48:30,272 - batch_execution_scheduler - INFO - 配置文件加载成功: config.json
2025-11-06 22:48:30,273 - main_dynamic_execution_api - INFO - 批次执行调度器初始化完成
2025-11-06 22:48:30,273 - main_dynamic_execution_api - INFO - 所有系统组件初始化成功
2025-11-06 22:48:30,273 - main_dynamic_execution_api - INFO - 智能灌溉动态执行系统启动完成
2025-11-06 22:49:39,439 - main_dynamic_execution_api - INFO - 开始批次间田块调整 - plan_id: e:/irrigation_schedule/farm_irrigation/output/irrigation_plan_20251106_224256.json
2025-11-06 22:49:39,439 - main_dynamic_execution_api - INFO - 调整数量: 2
2025-11-06 22:49:39,445 - batch_adjustment_service - INFO - 成功加载计划: e:\irrigation_schedule\farm_irrigation\output\irrigation_plan_20251106_224256.json
2025-11-06 22:49:39,447 - batch_adjustment_service - INFO - 处理场景 1: P2单独使用
2025-11-06 22:49:39,447 - batch_adjustment_service - INFO - 成功移动田块 S3-G5-F3: 批次1 -> 批次2
2025-11-06 22:49:39,447 - batch_adjustment_service - INFO - 成功移动田块 S5-G27-F19: 批次2 -> 批次1
2025-11-06 22:49:39,447 - batch_adjustment_service - INFO - 批次 1 内田块已重新排序，共 14 个田块
2025-11-06 22:49:39,448 - batch_adjustment_service - INFO - 批次 1 时间已重新计算: 0h -> 16.806528476666667h
2025-11-06 22:49:39,448 - batch_adjustment_service - INFO - 批次 2 内田块已重新排序，共 11 个田块
2025-11-06 22:49:39,448 - batch_adjustment_service - INFO - 批次 2 时间已重新计算: 0h -> 17.01364062333333h
2025-11-06 22:49:39,448 - batch_adjustment_service - INFO - 处理场景 2: P1单独使用
2025-11-06 22:49:39,448 - batch_adjustment_service - INFO - 成功移动田块 S3-G5-F3: 批次1 -> 批次2
2025-11-06 22:49:39,449 - batch_adjustment_service - INFO - 成功移动田块 S5-G27-F19: 批次2 -> 批次1
2025-11-06 22:49:39,449 - batch_adjustment_service - INFO - 批次 1 内田块已重新排序，共 14 个田块
2025-11-06 22:49:39,449 - batch_adjustment_service - INFO - 批次 1 时间已重新计算: 0h -> 16.806528476666667h
2025-11-06 22:49:39,449 - batch_adjustment_service - INFO - 批次 2 内田块已重新排序，共 11 个田块
2025-11-06 22:49:39,449 - batch_adjustment_service - INFO - 批次 2 时间已重新计算: 0h -> 17.01364062333333h
2025-11-06 22:49:39,449 - batch_adjustment_service - INFO - 处理场景 3: 全部水泵(P1+P2)组合使用
2025-11-06 22:49:39,450 - batch_adjustment_service - INFO - 成功移动田块 S3-G5-F3: 批次1 -> 批次2
2025-11-06 22:49:39,450 - batch_adjustment_service - INFO - 批次 1 内田块已重新排序，共 24 个田块
2025-11-06 22:49:39,450 - batch_adjustment_service - INFO - 批次 1 时间已重新计算: 0h -> 16.337859466666664h
2025-11-06 22:49:39,450 - batch_adjustment_service - INFO - 批次 2 内田块已重新排序，共 12 个田块
2025-11-06 22:49:39,450 - batch_adjustment_service - INFO - 批次 2 时间已重新计算: 0h -> 11.041388539999998h
2025-11-06 22:49:39,450 - batch_adjustment_service - INFO - 重新生成受影响批次的命令: [1, 2]
2025-11-06 22:49:39,450 - batch_adjustment_service - INFO - 已更新批次 1 的 sequence.fields，共 14 个田块
2025-11-06 22:49:39,451 - batch_adjustment_service - INFO - 已更新批次 1 的 full_order，共 14 个田块
2025-11-06 22:49:39,451 - batch_adjustment_service - INFO - 已更新批次 2 的 sequence.fields，共 11 个田块
2025-11-06 22:49:39,451 - batch_adjustment_service - INFO - 已更新批次 2 的 full_order，共 11 个田块
2025-11-06 22:49:39,451 - batch_adjustment_service - INFO - 已更新批次 1 的 sequence.fields，共 14 个田块
2025-11-06 22:49:39,451 - batch_adjustment_service - INFO - 已更新批次 1 的 full_order，共 14 个田块
2025-11-06 22:49:39,452 - batch_adjustment_service - INFO - 已更新批次 2 的 sequence.fields，共 11 个田块
2025-11-06 22:49:39,452 - batch_adjustment_service - INFO - 已更新批次 2 的 full_order，共 11 个田块
2025-11-06 22:49:39,452 - batch_adjustment_service - INFO - 已更新批次 1 的 sequence.fields，共 24 个田块
2025-11-06 22:49:39,453 - batch_adjustment_service - INFO - 已更新批次 1 的 full_order，共 24 个田块
2025-11-06 22:49:39,453 - batch_adjustment_service - INFO - 已更新批次 2 的 sequence.fields，共 12 个田块
2025-11-06 22:49:39,453 - batch_adjustment_service - INFO - 已更新批次 2 的 full_order，共 12 个田块
2025-11-06 22:49:39,459 - batch_adjustment_service - INFO - 调整后的计划已保存: e:\irrigation_schedule\farm_irrigation\output\irrigation_plan_20251106_224256_adjusted_20251106_224939.json
2025-11-06 22:49:39,459 - main_dynamic_execution_api - INFO - 批次调整完成 - 成功调整 2 个田块
2025-11-06 22:51:03,211 - main_dynamic_execution_api - INFO - 智能灌溉动态执行系统关闭中...
2025-11-06 22:51:03,211 - main_dynamic_execution_api - INFO - 智能灌溉动态执行系统已关闭
2025-11-06 22:51:04,606 - main_dynamic_execution_api - INFO - 智能灌溉动态执行系统启动中...
2025-11-06 22:51:04,607 - main_dynamic_execution_api - INFO - 开始初始化系统组件...
2025-11-06 22:51:04,608 - execution_status_manager - INFO - 数据库初始化完成
2025-11-06 22:51:04,608 - main_dynamic_execution_api - INFO - 执行状态管理器初始化完成
2025-11-06 22:51:04,609 - main_dynamic_execution_api - INFO - 水位管理器初始化完成
2025-11-06 22:51:04,609 - dynamic_plan_regenerator - INFO - 配置文件加载成功: config.json
2025-11-06 22:51:04,609 - dynamic_plan_regenerator - WARNING - 计划模板不存在: plan_templates
2025-11-06 22:51:04,610 - main_dynamic_execution_api - INFO - 计划重新生成器初始化完成
2025-11-06 22:51:04,610 - execution_status_manager - INFO - 数据库初始化完成
2025-11-06 22:51:04,611 - batch_execution_scheduler - INFO - 配置文件加载成功: config.json
2025-11-06 22:51:04,611 - main_dynamic_execution_api - INFO - 批次执行调度器初始化完成
2025-11-06 22:51:04,611 - main_dynamic_execution_api - INFO - 所有系统组件初始化成功
2025-11-06 22:51:04,611 - main_dynamic_execution_api - INFO - 智能灌溉动态执行系统启动完成
